2022-04-29 01:23:06,584 INFO alpha.kafka.demo.DemoKafkaApplication [main] Starting DemoKafkaApplication using Java 11.0.14 on RYZEN with PID 19648 (D:\utilities\demo\target\classes started by User in D:\utilities\demo)
2022-04-29 01:23:06,599 DEBUG alpha.kafka.demo.DemoKafkaApplication [main] Running with Spring Boot v2.6.7, Spring v5.3.19
2022-04-29 01:23:06,599 INFO alpha.kafka.demo.DemoKafkaApplication [main] No active profile set, falling back to 1 default profile: "default"
2022-04-29 01:23:07,086 INFO org.apache.catalina.core.StandardService [main] Starting service [Tomcat]
2022-04-29 01:23:07,086 INFO org.apache.catalina.core.StandardEngine [main] Starting Servlet engine: [Apache Tomcat/9.0.62]
2022-04-29 01:23:07,133 INFO org.apache.catalina.core.ContainerBase.[Tomcat].[localhost].[/] [main] Initializing Spring embedded WebApplicationContext
2022-04-29 01:23:07,322 INFO alpha.kafka.demo.DemoKafkaApplication [main] Started DemoKafkaApplication in 0.945 seconds (JVM running for 1.39)
2022-04-29 01:23:36,255 INFO org.apache.catalina.core.ContainerBase.[Tomcat].[localhost].[/] [http-nio-8080-exec-1] Initializing Spring DispatcherServlet 'dispatcherServlet'
2022-04-29 01:23:36,303 DEBUG alpha.kafka.demo.producer.DemoKafkaProducer [http-nio-8080-exec-1] Order ~~ {
  "orderId" : "ORD001",
  "orderType" : "Type-1",
  "amt" : 111,
  "from" : "From-01",
  "to" : "To-01",
  "pmtMethod" : "Card"
}
2022-04-29 01:24:20,385 INFO alpha.kafka.demo.DemoKafkaApplicationTests [main] Starting DemoKafkaApplicationTests using Java 11.0.14 on RYZEN with PID 13748 (started by User in D:\utilities\demo)
2022-04-29 01:24:20,385 DEBUG alpha.kafka.demo.DemoKafkaApplicationTests [main] Running with Spring Boot v2.6.7, Spring v5.3.19
2022-04-29 01:24:20,385 INFO alpha.kafka.demo.DemoKafkaApplicationTests [main] No active profile set, falling back to 1 default profile: "default"
2022-04-29 01:24:21,231 INFO alpha.kafka.demo.DemoKafkaApplicationTests [main] Started DemoKafkaApplicationTests in 1.066 seconds (JVM running for 1.71)
